<?xml version="1.0" encoding="utf-8"?><testsuites name="pytest tests"><testsuite name="pytest" errors="0" failures="0" skipped="1" tests="6" time="3.240" timestamp="2026-09-05T11:14:56.668298+00:00" hostname="agent-env-d66d0aa6-d8e7-4a1f-8815-510cdd225984"><testcase classname="tests.test_driver_route_build" name="test_get_route_config_shape" time="0.873" /><testcase classname="tests.test_driver_route_build" name="test_build_400_when_no_positions" time="0.221" /><testcase classname="tests.test_driver_route_build" name="test_full_flow_build_and_reorder" time="1.571" /><testcase classname="tests.test_driver_route_build" name="test_comment_persists_in_route_config" time="0.451" /><testcase classname="tests.test_driver_route_build" name="test_comment_404_for_unknown_stop" time="0.092" /><testcase classname="tests.test_driver_route_build" name="test_reorder_404_when_no_driver_route" time="0.000"><skipped type="pytest.skip" message="driver_route exists after build test; separate isolation not needed here">/app/backend/tests/test_driver_route_build.py:132: driver_route exists after build test; separate isolation not needed here</skipped></testcase></testsuite></testsuites>