<?xml version="1.0" encoding="utf-8"?><testsuites name="pytest tests"><testsuite name="pytest" errors="0" failures="0" skipped="0" tests="4" time="3.133" timestamp="2026-09-03T13:43:31.535541+00:00" hostname="agent-env-d66d0aa6-d8e7-4a1f-8815-510cdd225984"><testcase classname="tests.test_legs.TestRouteLegs" name="test_route_returns_legs" time="1.022" /><testcase classname="tests.test_legs.TestOptimizeLegs" name="test_optimize_with_start_returns_legs_and_service" time="1.326" /><testcase classname="tests.test_legs.TestOptimizeLegs" name="test_optimize_no_service_time" time="0.987" /><testcase classname="tests.test_legs.TestSettings" name="test_put_then_get_settings" time="0.233" /></testsuite></testsuites>