<?xml version="1.0" encoding="utf-8"?><testsuites name="pytest tests"><testsuite name="pytest" errors="0" failures="0" skipped="0" tests="4" time="1.986" timestamp="2026-09-05T09:57:16.429472+00:00" hostname="agent-env-d66d0aa6-d8e7-4a1f-8815-510cdd225984"><testcase classname="tests.test_route_configs_n1_enrichment.TestListEnrichmentN1" name="test_multi_driver_enrichment_no_mixup" time="0.878" /><testcase classname="tests.test_route_configs_n1_enrichment.TestListEnrichmentN1" name="test_get_single_returns_full_doc_and_enriched_driver" time="0.351" /><testcase classname="tests.test_route_configs_n1_enrichment.TestListEnrichmentN1" name="test_simulation_summary_kept_in_list_no_sim_stops" time="0.395" /><testcase classname="tests.test_route_configs_n1_enrichment.TestListEnrichmentN1" name="test_list_latency_is_reasonable" time="0.326" /></testsuite></testsuites>