<?xml version="1.0" encoding="utf-8"?><testsuites name="pytest tests"><testsuite name="pytest" errors="0" failures="0" skipped="0" tests="12" time="21.210" timestamp="2026-09-03T16:57:16.124049+00:00" hostname="agent-env-d66d0aa6-d8e7-4a1f-8815-510cdd225984"><testcase classname="tests.test_drivers_windows.TestTimeWindows" name="test_optimize_respects_windows" time="9.566" /><testcase classname="tests.test_drivers_windows.TestDriversCRUD" name="test_create_and_list" time="0.609" /><testcase classname="tests.test_drivers_windows.TestDriversCRUD" name="test_update_driver_persists" time="0.274" /><testcase classname="tests.test_drivers_windows.TestDriversCRUD" name="test_delete_driver" time="8.218" /><testcase classname="tests.test_drivers_windows.TestDriversCRUD" name="test_delete_missing_404" time="0.087" /><testcase classname="tests.test_drivers_windows.TestDriversCRUD" name="test_update_missing_404" time="0.086" /><testcase classname="tests.test_drivers_windows.TestDriversCRUD" name="test_create_validation_error" time="0.249" /><testcase classname="tests.test_drivers_windows.TestSettingsWindows" name="test_put_get_departure_and_respect" time="0.372" /><testcase classname="tests.test_drivers_windows.TestTimeWindows" name="test_late_detection_soft_window" time="9.051" /><testcase classname="tests.test_drivers_windows.TestTimeWindows" name="test_optimize_without_windows_flag" time="0.984" /><testcase classname="tests.test_drivers_windows.TestTimeWindows" name="test_route_schedule_for_given_order" time="0.597" /><testcase classname="tests.test_drivers_windows.TestTimeWindows" name="test_route_default_departure" time="0.459" /></testsuite></testsuites>