<?xml version="1.0" encoding="utf-8"?><testsuites name="pytest tests"><testsuite name="pytest" errors="0" failures="0" skipped="0" tests="6" time="2.771" timestamp="2026-09-05T07:59:24.217741+00:00" hostname="agent-env-d66d0aa6-d8e7-4a1f-8815-510cdd225984"><testcase classname="tests.test_simulation" name="test_simulation_requires_auth" time="0.735" /><testcase classname="tests.test_simulation" name="test_simulation_forbidden_for_driver" time="0.852" /><testcase classname="tests.test_simulation" name="test_simulation_not_found" time="0.137" /><testcase classname="tests.test_simulation" name="test_save_simulation_persists_and_does_not_touch_stops" time="0.281" /><testcase classname="tests.test_simulation" name="test_list_route_configs_strips_stops_but_keeps_sim_summary" time="0.187" /><testcase classname="tests.test_simulation" name="test_simulation_overwrites_previous_sim" time="0.548" /></testsuite></testsuites>