<?xml version="1.0" encoding="utf-8"?><testsuites name="pytest tests"><testsuite name="pytest" errors="0" failures="0" skipped="0" tests="18" time="4.060" timestamp="2026-09-05T07:19:13.182869+00:00" hostname="agent-env-d66d0aa6-d8e7-4a1f-8815-510cdd225984"><testcase classname="tests.test_route_configs.TestAccess" name="test_list_requires_auth" time="0.122" /><testcase classname="tests.test_route_configs.TestAccess" name="test_driver_cannot_access" time="0.894" /><testcase classname="tests.test_route_configs.TestAccess" name="test_admin_bcrypt_hash_format" time="0.373" /><testcase classname="tests.test_route_configs.TestRouteConfigCRUD" name="test_list_shape_no_objectid" time="0.052" /><testcase classname="tests.test_route_configs.TestRouteConfigCRUD" name="test_create_get_update_delete" time="0.374" /><testcase classname="tests.test_route_configs.TestRouteConfigCRUD" name="test_get_unknown_404" time="0.054" /><testcase classname="tests.test_route_configs.TestRouteConfigCRUD" name="test_delete_unknown_404" time="0.045" /><testcase classname="tests.test_route_configs.TestRouteConfigCRUD" name="test_update_unknown_404" time="0.052" /><testcase classname="tests.test_route_configs.TestRouteConfigCRUD" name="test_create_unknown_driver_404" time="0.048" /><testcase classname="tests.test_route_configs.TestRouteConfigCRUD" name="test_create_without_driver_allowed" time="0.054" /><testcase classname="tests.test_route_configs.TestOneRoutePerDriver" name="test_duplicate_driver_create_409" time="0.192" /><testcase classname="tests.test_route_configs.TestOneRoutePerDriver" name="test_duplicate_driver_update_409" time="0.290" /><testcase classname="tests.test_route_configs.TestOneRoutePerDriver" name="test_update_same_driver_on_own_route_ok" time="0.201" /><testcase classname="tests.test_route_configs.TestOneRoutePerDriver" name="test_driver_freed_after_delete" time="0.245" /><testcase classname="tests.test_route_configs.TestStopsUpload" name="test_upload_stops_and_persist" time="0.264" /><testcase classname="tests.test_route_configs.TestStopsUpload" name="test_upload_unknown_route_404" time="0.047" /><testcase classname="tests.test_route_configs.TestStopsUpload" name="test_upload_bad_file_400" time="0.092" /><testcase classname="tests.test_route_configs.TestStopsUpload" name="test_update_fields_preserves_stops" time="0.610" /></testsuite></testsuites>