<?xml version="1.0" encoding="utf-8"?><testsuites name="pytest tests"><testsuite name="pytest" errors="0" failures="0" skipped="0" tests="73" time="43.849" timestamp="2026-09-03T17:05:12.296369+00:00" hostname="agent-env-d66d0aa6-d8e7-4a1f-8815-510cdd225984"><testcase classname="tests.test_warehouse.TestOptimizeWarehouse" name="test_start_only_round_trip_order_excludes_warehouse" time="1.376" /><testcase classname="tests.backend_test.TestOptimize" name="test_optimize_duration_round_trip" time="1.393" /><testcase classname="tests.test_warehouse.TestOptimizeWarehouse" name="test_start_only_distance_metric" time="1.010" /><testcase classname="tests.backend_test.TestOptimize" name="test_optimize_distance_metric" time="1.053" /><testcase classname="tests.test_warehouse.TestOptimizeWarehouse" name="test_zero_service_time_default" time="1.016" /><testcase classname="tests.backend_test.TestOptimize" name="test_optimize_one_way" time="1.043" /><testcase classname="tests.test_warehouse.TestOptimizeWarehouse" name="test_start_and_distinct_end_open_path" time="1.023" /><testcase classname="tests.backend_test.TestOptimize" name="test_round_trip_costs_more_than_one_way" time="1.980" /><testcase classname="tests.test_warehouse.TestOptimizeWarehouse" name="test_start_no_round_trip_open_path" time="1.000" /><testcase classname="tests.test_warehouse.TestOptimizeWarehouse" name="test_start_with_single_stop_ok" time="1.046" /><testcase classname="tests.backend_test.TestOptimize" name="test_optimize_respects_depot_index" time="1.042" /><testcase classname="tests.test_warehouse.TestOptimizeWarehouse" name="test_fallback_without_start_backward_compatible" time="1.007" /><testcase classname="tests.backend_test.TestOptimize" name="test_optimize_single_stop_400" time="0.169" /><testcase classname="tests.backend_test.TestOptimize" name="test_optimize_invalid_payload_422" time="0.103" /><testcase classname="tests.backend_test.TestRoutesCRUD" name="test_create_and_get" time="0.184" /><testcase classname="tests.backend_test.TestRoutesCRUD" name="test_list_contains_created" time="0.082" /><testcase classname="tests.backend_test.TestRoutesCRUD" name="test_update_and_persist" time="0.192" /><testcase classname="tests.backend_test.TestRoutesCRUD" name="test_get_missing_404" time="0.087" /><testcase classname="tests.backend_test.TestRoutesCRUD" name="test_update_missing_404" time="0.102" /><testcase classname="tests.backend_test.TestRoutesCRUD" name="test_delete_and_verify" time="0.461" /><testcase classname="tests.test_warehouse.TestOptimizeWarehouse" name="test_fallback_single_stop_400" time="0.127" /><testcase classname="tests.test_warehouse.TestOptimizeWarehouse" name="test_round_trip_not_cheaper_than_open" time="2.028" /><testcase classname="tests.test_drivers_windows.TestDriversCRUD" name="test_create_and_list" time="0.149" /><testcase classname="tests.test_drivers_windows.TestDriversCRUD" name="test_update_driver_persists" time="0.265" /><testcase classname="tests.test_drivers_windows.TestDriversCRUD" name="test_delete_driver" time="0.264" /><testcase classname="tests.test_drivers_windows.TestDriversCRUD" name="test_delete_missing_404" time="0.092" /><testcase classname="tests.test_drivers_windows.TestDriversCRUD" name="test_update_missing_404" time="0.108" /><testcase classname="tests.test_drivers_windows.TestDriversCRUD" name="test_create_validation_error" time="0.271" /><testcase classname="tests.test_warehouse.TestSettings" name="test_get_settings_shape" time="0.077" /><testcase classname="tests.test_warehouse.TestSettings" name="test_put_then_get_roundtrip" time="0.181" /><testcase classname="tests.test_warehouse.TestSettings" name="test_put_distinct_end_persists" time="0.165" /><testcase classname="tests.test_warehouse.TestSettings" name="test_put_upserts_single_doc" time="0.254" /><testcase classname="tests.test_drivers_windows.TestTimeWindows" name="test_optimize_respects_windows" time="9.429" /><testcase classname="tests.test_warehouse.TestSettings" name="test_put_invalid_start_422" time="0.084" /><testcase classname="tests.backend_test.TestGeocode" name="test_geocode_spain_address" time="0.253" /><testcase classname="tests.backend_test.TestGeocode" name="test_geocode_short_query_returns_empty" time="8.056" /><testcase classname="tests.backend_test.TestGeocode" name="test_geocode_missing_param_422" time="0.092" /><testcase classname="tests.backend_test.TestGeocode" name="test_geocode_limit_respected" time="0.249" /><testcase classname="tests.test_drivers_windows.TestTimeWindows" name="test_late_detection_soft_window" time="9.053" /><testcase classname="tests.test_types_geocode.TestImportGeoTest" name="test_counts" time="9.212" /><testcase classname="tests.test_types_geocode.TestImportGeoTest" name="test_reasons_and_candidates" time="0.000" /><testcase classname="tests.test_types_geocode.TestImportGeoTest" name="test_stop_type_present" time="0.001" /><testcase classname="tests.test_types_geocode.TestImportGeoTest" name="test_no_mongo_id" time="0.000" /><testcase classname="tests.test_types_geocode.TestPerStopService" name="test_optimize_sums_service_min" time="0.841" /><testcase classname="tests.test_drivers_windows.TestTimeWindows" name="test_optimize_without_windows_flag" time="1.033" /><testcase classname="tests.test_types_geocode.TestPerStopService" name="test_route_sums_service_min" time="0.517" /><testcase classname="tests.test_types_geocode.TestPerStopService" name="test_route_falls_back_to_uniform_when_no_service_min" time="0.521" /><testcase classname="tests.test_drivers_windows.TestTimeWindows" name="test_route_schedule_for_given_order" time="0.623" /><testcase classname="tests.test_types_geocode.TestPerStopService" name="test_zero_service_min_stops" time="0.508" /><testcase classname="tests.test_drivers_windows.TestTimeWindows" name="test_route_default_departure" time="0.490" /><testcase classname="tests.test_warehouse.TestRouteWarehouse" name="test_route_with_start_and_service_time" time="0.607" /><testcase classname="tests.backend_test.TestRoute" name="test_route_ordered" time="0.625" /><testcase classname="tests.test_warehouse.TestRouteWarehouse" name="test_route_with_distinct_end" time="0.770" /><testcase classname="tests.backend_test.TestRoute" name="test_route_min_two_stops" time="0.093" /><testcase classname="tests.backend_test.TestRoute" name="test_route_single_stop_round_trip_degenerate" time="0.466" /><testcase classname="tests.test_warehouse.TestRouteWarehouse" name="test_route_start_plus_one_stop" time="0.473" /><testcase classname="tests.backend_test.TestImportExcel" name="test_import_sample_xlsx" time="0.128" /><testcase classname="tests.backend_test.TestImportExcel" name="test_import_invalid_file_400" time="0.078" /><testcase classname="tests.backend_test.TestImportExcel" name="test_import_no_file_422" time="0.075" /><testcase classname="tests.test_warehouse.TestSavedRouteWarehouse" name="test_save_with_warehouse_and_get" time="0.168" /><testcase classname="tests.test_warehouse.TestSavedRouteWarehouse" name="test_update_warehouse_fields" time="0.237" /><testcase classname="tests.test_warehouse.TestRouteWarehouse" name="test_route_no_points_400" time="0.081" /><testcase classname="tests.test_legs.TestOptimizeLegs" name="test_optimize_with_start_returns_legs_and_service" time="1.025" /><testcase classname="tests.backend_test.TestHealth" name="test_root" time="0.086" /><testcase classname="tests.backend_test.TestExport" name="test_export_xlsx" time="0.244" /><testcase classname="tests.test_legs.TestRouteLegs" name="test_route_returns_legs" time="0.680" /><testcase classname="tests.test_legs.TestOptimizeLegs" name="test_optimize_no_service_time" time="1.076" /><testcase classname="tests.test_legs.TestSettings" name="test_put_then_get_settings" time="0.218" /><testcase classname="tests.test_types_geocode.TestImportOldFormat" name="test_all_untyped_and_resolved" time="0.136" /><testcase classname="tests.test_types_geocode.TestExportColumns" name="test_export_has_tipo_and_min" time="0.092" /><testcase classname="tests.test_vrptw_no_depot" name="test_optimize_windows_no_warehouse_no_duplicates" time="9.045" /><testcase classname="tests.test_drivers_windows.TestSettingsWindows" name="test_put_get_departure_and_respect" time="8.240" /><testcase classname="tests.test_types_geocode.TestSettingsByType" name="test_put_and_get_service_by_type" time="0.207" /></testsuite></testsuites>