<?xml version="1.0" encoding="utf-8"?><testsuites name="pytest tests"><testsuite name="pytest" errors="0" failures="0" skipped="0" tests="97" time="65.683" timestamp="2026-09-05T07:59:31.480576+00:00" hostname="agent-env-d66d0aa6-d8e7-4a1f-8815-510cdd225984"><testcase classname="tests.backend_test.TestHealth" name="test_root" time="0.180" /><testcase classname="tests.backend_test.TestGeocode" name="test_geocode_spain_address" time="0.060" /><testcase classname="tests.backend_test.TestGeocode" name="test_geocode_short_query_returns_empty" time="0.057" /><testcase classname="tests.backend_test.TestGeocode" name="test_geocode_missing_param_422" time="0.056" /><testcase classname="tests.backend_test.TestGeocode" name="test_geocode_limit_respected" time="0.054" /><testcase classname="tests.backend_test.TestOptimize" name="test_optimize_duration_round_trip" time="1.046" /><testcase classname="tests.backend_test.TestOptimize" name="test_optimize_distance_metric" time="0.963" /><testcase classname="tests.backend_test.TestOptimize" name="test_optimize_one_way" time="0.940" /><testcase classname="tests.backend_test.TestOptimize" name="test_round_trip_costs_more_than_one_way" time="1.904" /><testcase classname="tests.backend_test.TestOptimize" name="test_optimize_respects_depot_index" time="0.996" /><testcase classname="tests.backend_test.TestOptimize" name="test_optimize_single_stop_400" time="0.053" /><testcase classname="tests.backend_test.TestOptimize" name="test_optimize_invalid_payload_422" time="0.051" /><testcase classname="tests.backend_test.TestRoute" name="test_route_ordered" time="0.570" /><testcase classname="tests.backend_test.TestRoute" name="test_route_min_two_stops" time="0.056" /><testcase classname="tests.backend_test.TestRoute" name="test_route_single_stop_round_trip_degenerate" time="0.439" /><testcase classname="tests.backend_test.TestImportExcel" name="test_import_sample_xlsx" time="0.355" /><testcase classname="tests.backend_test.TestImportExcel" name="test_import_invalid_file_400" time="0.054" /><testcase classname="tests.backend_test.TestImportExcel" name="test_import_no_file_422" time="0.052" /><testcase classname="tests.backend_test.TestRoutesCRUD" name="test_create_and_get" time="0.110" /><testcase classname="tests.backend_test.TestRoutesCRUD" name="test_list_contains_created" time="0.053" /><testcase classname="tests.backend_test.TestRoutesCRUD" name="test_update_and_persist" time="0.109" /><testcase classname="tests.backend_test.TestRoutesCRUD" name="test_get_missing_404" time="0.062" /><testcase classname="tests.backend_test.TestRoutesCRUD" name="test_update_missing_404" time="0.053" /><testcase classname="tests.backend_test.TestRoutesCRUD" name="test_delete_and_verify" time="0.210" /><testcase classname="tests.backend_test.TestExport" name="test_export_xlsx" time="0.194" /><testcase classname="tests.test_drivers_windows.TestDriversCRUD" name="test_create_and_list" time="0.108" /><testcase classname="tests.test_drivers_windows.TestDriversCRUD" name="test_update_driver_persists" time="0.158" /><testcase classname="tests.test_drivers_windows.TestDriversCRUD" name="test_delete_driver" time="0.168" /><testcase classname="tests.test_drivers_windows.TestDriversCRUD" name="test_delete_missing_404" time="0.055" /><testcase classname="tests.test_drivers_windows.TestDriversCRUD" name="test_update_missing_404" time="0.056" /><testcase classname="tests.test_drivers_windows.TestDriversCRUD" name="test_create_validation_error" time="0.164" /><testcase classname="tests.test_drivers_windows.TestTimeWindows" name="test_optimize_respects_windows" time="8.989" /><testcase classname="tests.test_drivers_windows.TestTimeWindows" name="test_late_detection_soft_window" time="8.993" /><testcase classname="tests.test_drivers_windows.TestTimeWindows" name="test_optimize_without_windows_flag" time="0.961" /><testcase classname="tests.test_drivers_windows.TestTimeWindows" name="test_route_schedule_for_given_order" time="0.570" /><testcase classname="tests.test_drivers_windows.TestTimeWindows" name="test_route_default_departure" time="0.442" /><testcase classname="tests.test_drivers_windows.TestSettingsWindows" name="test_put_get_departure_and_respect" time="0.214" /><testcase classname="tests.test_legs.TestOptimizeLegs" name="test_optimize_with_start_returns_legs_and_service" time="0.972" /><testcase classname="tests.test_legs.TestOptimizeLegs" name="test_optimize_no_service_time" time="1.010" /><testcase classname="tests.test_legs.TestRouteLegs" name="test_route_returns_legs" time="0.573" /><testcase classname="tests.test_legs.TestSettings" name="test_put_then_get_settings" time="0.113" /><testcase classname="tests.test_route_configs.TestAccess" name="test_list_requires_auth" time="0.149" /><testcase classname="tests.test_route_configs.TestAccess" name="test_driver_cannot_access" time="0.923" /><testcase classname="tests.test_route_configs.TestAccess" name="test_admin_bcrypt_hash_format" time="0.368" /><testcase classname="tests.test_route_configs.TestRouteConfigCRUD" name="test_list_shape_no_objectid" time="0.049" /><testcase classname="tests.test_route_configs.TestRouteConfigCRUD" name="test_create_get_update_delete" time="0.335" /><testcase classname="tests.test_route_configs.TestRouteConfigCRUD" name="test_get_unknown_404" time="0.052" /><testcase classname="tests.test_route_configs.TestRouteConfigCRUD" name="test_delete_unknown_404" time="0.046" /><testcase classname="tests.test_route_configs.TestRouteConfigCRUD" name="test_update_unknown_404" time="0.048" /><testcase classname="tests.test_route_configs.TestRouteConfigCRUD" name="test_create_unknown_driver_404" time="0.047" /><testcase classname="tests.test_route_configs.TestRouteConfigCRUD" name="test_create_without_driver_allowed" time="0.047" /><testcase classname="tests.test_route_configs.TestOneRoutePerDriver" name="test_duplicate_driver_create_409" time="0.193" /><testcase classname="tests.test_route_configs.TestOneRoutePerDriver" name="test_duplicate_driver_update_409" time="0.295" /><testcase classname="tests.test_route_configs.TestOneRoutePerDriver" name="test_update_same_driver_on_own_route_ok" time="0.195" /><testcase classname="tests.test_route_configs.TestOneRoutePerDriver" name="test_driver_freed_after_delete" time="0.242" /><testcase classname="tests.test_route_configs.TestStopsUpload" name="test_upload_stops_and_persist" time="0.222" /><testcase classname="tests.test_route_configs.TestStopsUpload" name="test_upload_unknown_route_404" time="0.051" /><testcase classname="tests.test_route_configs.TestStopsUpload" name="test_upload_bad_file_400" time="0.096" /><testcase classname="tests.test_route_configs.TestStopsUpload" name="test_update_fields_preserves_stops" time="0.629" /><testcase classname="tests.test_simulation" name="test_simulation_requires_auth" time="0.526" /><testcase classname="tests.test_simulation" name="test_simulation_forbidden_for_driver" time="0.525" /><testcase classname="tests.test_simulation" name="test_simulation_not_found" time="0.127" /><testcase classname="tests.test_simulation" name="test_save_simulation_persists_and_does_not_touch_stops" time="1.349" /><testcase classname="tests.test_simulation" name="test_list_route_configs_strips_stops_but_keeps_sim_summary" time="0.232" /><testcase classname="tests.test_simulation" name="test_simulation_overwrites_previous_sim" time="0.449" /><testcase classname="tests.test_types_geocode.TestImportGeoTest" name="test_counts" time="2.371" /><testcase classname="tests.test_types_geocode.TestImportGeoTest" name="test_reasons_and_candidates" time="0.000" /><testcase classname="tests.test_types_geocode.TestImportGeoTest" name="test_stop_type_present" time="0.000" /><testcase classname="tests.test_types_geocode.TestImportGeoTest" name="test_no_mongo_id" time="0.000" /><testcase classname="tests.test_types_geocode.TestImportOldFormat" name="test_all_untyped_and_resolved" time="0.073" /><testcase classname="tests.test_types_geocode.TestSettingsByType" name="test_put_and_get_service_by_type" time="0.106" /><testcase classname="tests.test_types_geocode.TestPerStopService" name="test_optimize_sums_service_min" time="0.836" /><testcase classname="tests.test_types_geocode.TestPerStopService" name="test_route_sums_service_min" time="0.441" /><testcase classname="tests.test_types_geocode.TestPerStopService" name="test_route_falls_back_to_uniform_when_no_service_min" time="0.440" /><testcase classname="tests.test_types_geocode.TestPerStopService" name="test_zero_service_min_stops" time="0.441" /><testcase classname="tests.test_types_geocode.TestExportColumns" name="test_export_has_tipo_and_min" time="0.069" /><testcase classname="tests.test_vrptw_no_depot" name="test_optimize_windows_no_warehouse_no_duplicates" time="8.995" /><testcase classname="tests.test_warehouse.TestSettings" name="test_get_settings_shape" time="0.056" /><testcase classname="tests.test_warehouse.TestSettings" name="test_put_then_get_roundtrip" time="0.112" /><testcase classname="tests.test_warehouse.TestSettings" name="test_put_distinct_end_persists" time="0.117" /><testcase classname="tests.test_warehouse.TestSettings" name="test_put_upserts_single_doc" time="0.168" /><testcase classname="tests.test_warehouse.TestSettings" name="test_put_invalid_start_422" time="0.054" /><testcase classname="tests.test_warehouse.TestOptimizeWarehouse" name="test_start_only_round_trip_order_excludes_warehouse" time="0.976" /><testcase classname="tests.test_warehouse.TestOptimizeWarehouse" name="test_start_only_distance_metric" time="1.463" /><testcase classname="tests.test_warehouse.TestOptimizeWarehouse" name="test_zero_service_time_default" time="0.970" /><testcase classname="tests.test_warehouse.TestOptimizeWarehouse" name="test_start_and_distinct_end_open_path" time="0.959" /><testcase classname="tests.test_warehouse.TestOptimizeWarehouse" name="test_start_no_round_trip_open_path" time="1.005" /><testcase classname="tests.test_warehouse.TestOptimizeWarehouse" name="test_start_with_single_stop_ok" time="0.959" /><testcase classname="tests.test_warehouse.TestOptimizeWarehouse" name="test_fallback_without_start_backward_compatible" time="1.348" /><testcase classname="tests.test_warehouse.TestOptimizeWarehouse" name="test_fallback_single_stop_400" time="0.089" /><testcase classname="tests.test_warehouse.TestOptimizeWarehouse" name="test_round_trip_not_cheaper_than_open" time="1.935" /><testcase classname="tests.test_warehouse.TestRouteWarehouse" name="test_route_with_start_and_service_time" time="0.594" /><testcase classname="tests.test_warehouse.TestRouteWarehouse" name="test_route_with_distinct_end" time="0.597" /><testcase classname="tests.test_warehouse.TestRouteWarehouse" name="test_route_start_plus_one_stop" time="0.443" /><testcase classname="tests.test_warehouse.TestRouteWarehouse" name="test_route_no_points_400" time="0.055" /><testcase classname="tests.test_warehouse.TestSavedRouteWarehouse" name="test_save_with_warehouse_and_get" time="0.107" /><testcase classname="tests.test_warehouse.TestSavedRouteWarehouse" name="test_update_warehouse_fields" time="0.166" /></testsuite></testsuites>