<?xml version="1.0" encoding="utf-8"?><testsuites name="pytest tests"><testsuite name="pytest" errors="0" failures="0" skipped="0" tests="91" time="47.036" timestamp="2026-09-05T07:19:23.570192+00:00" hostname="agent-env-d66d0aa6-d8e7-4a1f-8815-510cdd225984"><testcase classname="tests.test_warehouse.TestOptimizeWarehouse" name="test_start_only_round_trip_order_excludes_warehouse" time="1.173" /><testcase classname="tests.backend_test.TestOptimize" name="test_optimize_duration_round_trip" time="1.460" /><testcase classname="tests.test_warehouse.TestOptimizeWarehouse" name="test_start_only_distance_metric" time="0.943" /><testcase classname="tests.backend_test.TestOptimize" name="test_optimize_distance_metric" time="1.016" /><testcase classname="tests.test_warehouse.TestOptimizeWarehouse" name="test_zero_service_time_default" time="0.979" /><testcase classname="tests.backend_test.TestOptimize" name="test_optimize_one_way" time="0.987" /><testcase classname="tests.test_warehouse.TestOptimizeWarehouse" name="test_start_and_distinct_end_open_path" time="0.983" /><testcase classname="tests.backend_test.TestOptimize" name="test_round_trip_costs_more_than_one_way" time="1.970" /><testcase classname="tests.test_warehouse.TestOptimizeWarehouse" name="test_start_no_round_trip_open_path" time="0.969" /><testcase classname="tests.test_warehouse.TestOptimizeWarehouse" name="test_start_with_single_stop_ok" time="0.941" /><testcase classname="tests.backend_test.TestOptimize" name="test_optimize_respects_depot_index" time="0.980" /><testcase classname="tests.test_warehouse.TestOptimizeWarehouse" name="test_fallback_without_start_backward_compatible" time="0.984" /><testcase classname="tests.backend_test.TestOptimize" name="test_optimize_single_stop_400" time="0.079" /><testcase classname="tests.backend_test.TestOptimize" name="test_optimize_invalid_payload_422" time="0.066" /><testcase classname="tests.test_route_configs.TestRouteConfigCRUD" name="test_list_shape_no_objectid" time="0.486" /><testcase classname="tests.test_warehouse.TestOptimizeWarehouse" name="test_fallback_single_stop_400" time="0.043" /><testcase classname="tests.test_warehouse.TestOptimizeWarehouse" name="test_round_trip_not_cheaper_than_open" time="1.930" /><testcase classname="tests.test_route_configs.TestRouteConfigCRUD" name="test_create_get_update_delete" time="0.458" /><testcase classname="tests.test_route_configs.TestRouteConfigCRUD" name="test_get_unknown_404" time="0.046" /><testcase classname="tests.test_route_configs.TestRouteConfigCRUD" name="test_delete_unknown_404" time="0.044" /><testcase classname="tests.test_route_configs.TestRouteConfigCRUD" name="test_update_unknown_404" time="0.041" /><testcase classname="tests.test_route_configs.TestRouteConfigCRUD" name="test_create_unknown_driver_404" time="0.043" /><testcase classname="tests.test_route_configs.TestRouteConfigCRUD" name="test_create_without_driver_allowed" time="0.126" /><testcase classname="tests.test_drivers_windows.TestDriversCRUD" name="test_create_and_list" time="0.124" /><testcase classname="tests.test_drivers_windows.TestDriversCRUD" name="test_update_driver_persists" time="0.201" /><testcase classname="tests.test_drivers_windows.TestDriversCRUD" name="test_delete_driver" time="0.189" /><testcase classname="tests.test_drivers_windows.TestDriversCRUD" name="test_delete_missing_404" time="0.075" /><testcase classname="tests.test_drivers_windows.TestDriversCRUD" name="test_update_missing_404" time="0.063" /><testcase classname="tests.test_drivers_windows.TestDriversCRUD" name="test_create_validation_error" time="0.186" /><testcase classname="tests.test_drivers_windows.TestTimeWindows" name="test_optimize_respects_windows" time="9.028" /><testcase classname="tests.backend_test.TestRoutesCRUD" name="test_create_and_get" time="0.168" /><testcase classname="tests.backend_test.TestRoutesCRUD" name="test_list_contains_created" time="8.029" /><testcase classname="tests.backend_test.TestRoutesCRUD" name="test_update_and_persist" time="0.129" /><testcase classname="tests.backend_test.TestRoutesCRUD" name="test_get_missing_404" time="0.042" /><testcase classname="tests.backend_test.TestRoutesCRUD" name="test_update_missing_404" time="0.047" /><testcase classname="tests.backend_test.TestRoutesCRUD" name="test_delete_and_verify" time="0.366" /><testcase classname="tests.test_drivers_windows.TestTimeWindows" name="test_late_detection_soft_window" time="9.009" /><testcase classname="tests.test_warehouse.TestSettings" name="test_get_settings_shape" time="0.083" /><testcase classname="tests.test_warehouse.TestSettings" name="test_put_then_get_roundtrip" time="0.086" /><testcase classname="tests.test_warehouse.TestSettings" name="test_put_distinct_end_persists" time="0.125" /><testcase classname="tests.test_warehouse.TestSettings" name="test_put_upserts_single_doc" time="8.159" /><testcase classname="tests.test_warehouse.TestSettings" name="test_put_invalid_start_422" time="0.044" /><testcase classname="tests.backend_test.TestGeocode" name="test_geocode_spain_address" time="0.921" /><testcase classname="tests.test_drivers_windows.TestTimeWindows" name="test_optimize_without_windows_flag" time="0.973" /><testcase classname="tests.backend_test.TestGeocode" name="test_geocode_short_query_returns_empty" time="0.041" /><testcase classname="tests.backend_test.TestGeocode" name="test_geocode_missing_param_422" time="0.042" /><testcase classname="tests.backend_test.TestGeocode" name="test_geocode_limit_respected" time="0.817" /><testcase classname="tests.test_drivers_windows.TestTimeWindows" name="test_route_schedule_for_given_order" time="0.764" /><testcase classname="tests.test_drivers_windows.TestTimeWindows" name="test_route_default_departure" time="0.452" /><testcase classname="tests.test_route_configs.TestOneRoutePerDriver" name="test_duplicate_driver_create_409" time="0.742" /><testcase classname="tests.test_route_configs.TestOneRoutePerDriver" name="test_duplicate_driver_update_409" time="0.556" /><testcase classname="tests.test_route_configs.TestStopsUpload" name="test_upload_stops_and_persist" time="0.651" /><testcase classname="tests.test_route_configs.TestOneRoutePerDriver" name="test_update_same_driver_on_own_route_ok" time="0.177" /><testcase classname="tests.test_route_configs.TestStopsUpload" name="test_upload_unknown_route_404" time="0.052" /><testcase classname="tests.test_route_configs.TestOneRoutePerDriver" name="test_driver_freed_after_delete" time="0.666" /><testcase classname="tests.test_route_configs.TestStopsUpload" name="test_upload_bad_file_400" time="0.134" /><testcase classname="tests.test_route_configs.TestStopsUpload" name="test_update_fields_preserves_stops" time="0.446" /><testcase classname="tests.test_types_geocode.TestPerStopService" name="test_optimize_sums_service_min" time="1.147" /><testcase classname="tests.test_types_geocode.TestPerStopService" name="test_route_sums_service_min" time="0.597" /><testcase classname="tests.test_types_geocode.TestPerStopService" name="test_route_falls_back_to_uniform_when_no_service_min" time="0.455" /><testcase classname="tests.test_types_geocode.TestPerStopService" name="test_zero_service_min_stops" time="0.449" /><testcase classname="tests.test_types_geocode.TestImportGeoTest" name="test_counts" time="2.536" /><testcase classname="tests.test_types_geocode.TestImportGeoTest" name="test_reasons_and_candidates" time="0.000" /><testcase classname="tests.test_types_geocode.TestImportGeoTest" name="test_stop_type_present" time="0.000" /><testcase classname="tests.test_types_geocode.TestImportGeoTest" name="test_no_mongo_id" time="0.000" /><testcase classname="tests.backend_test.TestRoute" name="test_route_ordered" time="0.566" /><testcase classname="tests.test_warehouse.TestRouteWarehouse" name="test_route_with_start_and_service_time" time="0.619" /><testcase classname="tests.backend_test.TestRoute" name="test_route_min_two_stops" time="0.041" /><testcase classname="tests.backend_test.TestRoute" name="test_route_single_stop_round_trip_degenerate" time="0.435" /><testcase classname="tests.test_warehouse.TestRouteWarehouse" name="test_route_with_distinct_end" time="0.586" /><testcase classname="tests.backend_test.TestImportExcel" name="test_import_sample_xlsx" time="0.065" /><testcase classname="tests.backend_test.TestImportExcel" name="test_import_invalid_file_400" time="0.040" /><testcase classname="tests.backend_test.TestImportExcel" name="test_import_no_file_422" time="0.082" /><testcase classname="tests.test_route_configs.TestAccess" name="test_list_requires_auth" time="0.126" /><testcase classname="tests.test_warehouse.TestRouteWarehouse" name="test_route_start_plus_one_stop" time="0.645" /><testcase classname="tests.test_route_configs.TestAccess" name="test_driver_cannot_access" time="0.958" /><testcase classname="tests.test_warehouse.TestRouteWarehouse" name="test_route_no_points_400" time="0.251" /><testcase classname="tests.test_legs.TestOptimizeLegs" name="test_optimize_with_start_returns_legs_and_service" time="1.129" /><testcase classname="tests.test_route_configs.TestAccess" name="test_admin_bcrypt_hash_format" time="0.317" /><testcase classname="tests.test_warehouse.TestSavedRouteWarehouse" name="test_save_with_warehouse_and_get" time="0.088" /><testcase classname="tests.test_warehouse.TestSavedRouteWarehouse" name="test_update_warehouse_fields" time="0.189" /><testcase classname="tests.backend_test.TestExport" name="test_export_xlsx" time="0.138" /><testcase classname="tests.test_drivers_windows.TestSettingsWindows" name="test_put_get_departure_and_respect" time="0.251" /><testcase classname="tests.test_legs.TestRouteLegs" name="test_route_returns_legs" time="0.584" /><testcase classname="tests.test_legs.TestOptimizeLegs" name="test_optimize_no_service_time" time="0.994" /><testcase classname="tests.test_legs.TestSettings" name="test_put_then_get_settings" time="0.088" /><testcase classname="tests.test_types_geocode.TestImportOldFormat" name="test_all_untyped_and_resolved" time="0.070" /><testcase classname="tests.test_types_geocode.TestExportColumns" name="test_export_has_tipo_and_min" time="0.052" /><testcase classname="tests.test_vrptw_no_depot" name="test_optimize_windows_no_warehouse_no_duplicates" time="8.995" /><testcase classname="tests.backend_test.TestHealth" name="test_root" time="0.102" /><testcase classname="tests.test_types_geocode.TestSettingsByType" name="test_put_and_get_service_by_type" time="0.127" /></testsuite></testsuites>