<?xml version="1.0" encoding="utf-8"?><testsuites name="pytest tests"><testsuite name="pytest" errors="0" failures="0" skipped="0" tests="60" time="16.717" timestamp="2026-09-03T14:47:26.799720+00:00" hostname="agent-env-d66d0aa6-d8e7-4a1f-8815-510cdd225984"><testcase classname="tests.test_warehouse.TestOptimizeWarehouse" name="test_start_only_round_trip_order_excludes_warehouse" time="1.417" /><testcase classname="tests.backend_test.TestOptimize" name="test_optimize_duration_round_trip" time="1.181" /><testcase classname="tests.backend_test.TestOptimize" name="test_optimize_distance_metric" time="1.008" /><testcase classname="tests.test_warehouse.TestOptimizeWarehouse" name="test_start_only_distance_metric" time="1.001" /><testcase classname="tests.backend_test.TestOptimize" name="test_optimize_one_way" time="1.000" /><testcase classname="tests.test_warehouse.TestOptimizeWarehouse" name="test_zero_service_time_default" time="1.275" /><testcase classname="tests.backend_test.TestOptimize" name="test_round_trip_costs_more_than_one_way" time="1.970" /><testcase classname="tests.test_warehouse.TestOptimizeWarehouse" name="test_start_and_distinct_end_open_path" time="1.075" /><testcase classname="tests.test_warehouse.TestOptimizeWarehouse" name="test_start_no_round_trip_open_path" time="1.059" /><testcase classname="tests.backend_test.TestOptimize" name="test_optimize_respects_depot_index" time="1.047" /><testcase classname="tests.test_warehouse.TestOptimizeWarehouse" name="test_start_with_single_stop_ok" time="0.993" /><testcase classname="tests.backend_test.TestOptimize" name="test_optimize_single_stop_400" time="0.118" /><testcase classname="tests.backend_test.TestOptimize" name="test_optimize_invalid_payload_422" time="0.071" /><testcase classname="tests.backend_test.TestRoutesCRUD" name="test_create_and_get" time="0.218" /><testcase classname="tests.backend_test.TestRoutesCRUD" name="test_list_contains_created" time="0.086" /><testcase classname="tests.backend_test.TestRoutesCRUD" name="test_update_and_persist" time="0.169" /><testcase classname="tests.test_warehouse.TestOptimizeWarehouse" name="test_fallback_without_start_backward_compatible" time="1.009" /><testcase classname="tests.backend_test.TestRoutesCRUD" name="test_get_missing_404" time="0.075" /><testcase classname="tests.backend_test.TestRoutesCRUD" name="test_update_missing_404" time="0.103" /><testcase classname="tests.backend_test.TestRoutesCRUD" name="test_delete_and_verify" time="0.615" /><testcase classname="tests.test_warehouse.TestSettings" name="test_get_settings_shape" time="0.072" /><testcase classname="tests.test_warehouse.TestSettings" name="test_put_then_get_roundtrip" time="0.249" /><testcase classname="tests.test_warehouse.TestOptimizeWarehouse" name="test_fallback_single_stop_400" time="0.091" /><testcase classname="tests.test_warehouse.TestOptimizeWarehouse" name="test_round_trip_not_cheaper_than_open" time="2.355" /><testcase classname="tests.test_warehouse.TestSettings" name="test_put_distinct_end_persists" time="0.154" /><testcase classname="tests.test_warehouse.TestSettings" name="test_put_upserts_single_doc" time="0.228" /><testcase classname="tests.test_warehouse.TestSettings" name="test_put_invalid_start_422" time="0.137" /><testcase classname="tests.test_types_geocode.TestImportGeoTest" name="test_counts" time="1.761" /><testcase classname="tests.test_types_geocode.TestImportGeoTest" name="test_reasons_and_candidates" time="0.000" /><testcase classname="tests.test_types_geocode.TestImportGeoTest" name="test_stop_type_present" time="0.000" /><testcase classname="tests.test_types_geocode.TestImportGeoTest" name="test_no_mongo_id" time="0.000" /><testcase classname="tests.test_types_geocode.TestPerStopService" name="test_optimize_sums_service_min" time="0.890" /><testcase classname="tests.backend_test.TestGeocode" name="test_geocode_spain_address" time="0.186" /><testcase classname="tests.backend_test.TestGeocode" name="test_geocode_short_query_returns_empty" time="0.090" /><testcase classname="tests.backend_test.TestGeocode" name="test_geocode_missing_param_422" time="0.092" /><testcase classname="tests.backend_test.TestGeocode" name="test_geocode_limit_respected" time="0.217" /><testcase classname="tests.test_warehouse.TestRouteWarehouse" name="test_route_with_start_and_service_time" time="0.653" /><testcase classname="tests.test_types_geocode.TestPerStopService" name="test_route_sums_service_min" time="0.467" /><testcase classname="tests.test_warehouse.TestRouteWarehouse" name="test_route_with_distinct_end" time="0.613" /><testcase classname="tests.test_types_geocode.TestPerStopService" name="test_route_falls_back_to_uniform_when_no_service_min" time="0.477" /><testcase classname="tests.test_types_geocode.TestPerStopService" name="test_zero_service_min_stops" time="0.484" /><testcase classname="tests.test_warehouse.TestRouteWarehouse" name="test_route_start_plus_one_stop" time="0.476" /><testcase classname="tests.backend_test.TestRoute" name="test_route_ordered" time="0.602" /><testcase classname="tests.test_warehouse.TestRouteWarehouse" name="test_route_no_points_400" time="0.086" /><testcase classname="tests.backend_test.TestImportExcel" name="test_import_sample_xlsx" time="0.111" /><testcase classname="tests.backend_test.TestImportExcel" name="test_import_invalid_file_400" time="0.087" /><testcase classname="tests.backend_test.TestImportExcel" name="test_import_no_file_422" time="0.099" /><testcase classname="tests.test_legs.TestOptimizeLegs" name="test_optimize_with_start_returns_legs_and_service" time="0.986" /><testcase classname="tests.backend_test.TestRoute" name="test_route_min_two_stops" time="0.072" /><testcase classname="tests.backend_test.TestRoute" name="test_route_single_stop_round_trip_degenerate" time="0.464" /><testcase classname="tests.backend_test.TestHealth" name="test_root" time="0.081" /><testcase classname="tests.backend_test.TestExport" name="test_export_xlsx" time="0.161" /><testcase classname="tests.test_legs.TestRouteLegs" name="test_route_returns_legs" time="0.642" /><testcase classname="tests.test_legs.TestOptimizeLegs" name="test_optimize_no_service_time" time="0.996" /><testcase classname="tests.test_legs.TestSettings" name="test_put_then_get_settings" time="0.154" /><testcase classname="tests.test_types_geocode.TestImportOldFormat" name="test_all_untyped_and_resolved" time="0.095" /><testcase classname="tests.test_types_geocode.TestSettingsByType" name="test_put_and_get_service_by_type" time="0.513" /><testcase classname="tests.test_warehouse.TestSavedRouteWarehouse" name="test_save_with_warehouse_and_get" time="0.178" /><testcase classname="tests.test_warehouse.TestSavedRouteWarehouse" name="test_update_warehouse_fields" time="0.296" /><testcase classname="tests.test_types_geocode.TestExportColumns" name="test_export_has_tipo_and_min" time="0.138" /></testsuite></testsuites>