<?xml version="1.0" encoding="utf-8"?><testsuites name="pytest tests"><testsuite name="pytest" errors="0" failures="0" skipped="0" tests="49" time="15.046" timestamp="2026-09-03T13:43:40.872699+00:00" hostname="agent-env-d66d0aa6-d8e7-4a1f-8815-510cdd225984"><testcase classname="tests.backend_test.TestOptimize" name="test_optimize_duration_round_trip" time="1.288" /><testcase classname="tests.test_warehouse.TestOptimizeWarehouse" name="test_start_only_round_trip_order_excludes_warehouse" time="1.227" /><testcase classname="tests.test_warehouse.TestOptimizeWarehouse" name="test_start_only_distance_metric" time="1.008" /><testcase classname="tests.backend_test.TestOptimize" name="test_optimize_distance_metric" time="1.022" /><testcase classname="tests.test_warehouse.TestOptimizeWarehouse" name="test_zero_service_time_default" time="0.989" /><testcase classname="tests.backend_test.TestOptimize" name="test_optimize_one_way" time="1.004" /><testcase classname="tests.test_warehouse.TestOptimizeWarehouse" name="test_start_and_distinct_end_open_path" time="1.250" /><testcase classname="tests.backend_test.TestOptimize" name="test_round_trip_costs_more_than_one_way" time="2.215" /><testcase classname="tests.test_warehouse.TestOptimizeWarehouse" name="test_start_no_round_trip_open_path" time="0.998" /><testcase classname="tests.test_warehouse.TestOptimizeWarehouse" name="test_start_with_single_stop_ok" time="1.053" /><testcase classname="tests.backend_test.TestOptimize" name="test_optimize_respects_depot_index" time="1.062" /><testcase classname="tests.test_warehouse.TestOptimizeWarehouse" name="test_fallback_without_start_backward_compatible" time="0.989" /><testcase classname="tests.backend_test.TestOptimize" name="test_optimize_single_stop_400" time="0.090" /><testcase classname="tests.backend_test.TestOptimize" name="test_optimize_invalid_payload_422" time="0.093" /><testcase classname="tests.backend_test.TestRoutesCRUD" name="test_create_and_get" time="0.187" /><testcase classname="tests.backend_test.TestRoutesCRUD" name="test_list_contains_created" time="0.094" /><testcase classname="tests.backend_test.TestRoutesCRUD" name="test_update_and_persist" time="0.185" /><testcase classname="tests.backend_test.TestRoutesCRUD" name="test_get_missing_404" time="0.092" /><testcase classname="tests.backend_test.TestRoutesCRUD" name="test_update_missing_404" time="0.089" /><testcase classname="tests.backend_test.TestRoutesCRUD" name="test_delete_and_verify" time="0.498" /><testcase classname="tests.test_warehouse.TestOptimizeWarehouse" name="test_fallback_single_stop_400" time="0.077" /><testcase classname="tests.test_warehouse.TestOptimizeWarehouse" name="test_round_trip_not_cheaper_than_open" time="1.991" /><testcase classname="tests.test_warehouse.TestSettings" name="test_get_settings_shape" time="0.092" /><testcase classname="tests.test_warehouse.TestSettings" name="test_put_then_get_roundtrip" time="0.179" /><testcase classname="tests.test_warehouse.TestSettings" name="test_put_distinct_end_persists" time="0.199" /><testcase classname="tests.test_warehouse.TestSettings" name="test_put_upserts_single_doc" time="0.303" /><testcase classname="tests.test_warehouse.TestSettings" name="test_put_invalid_start_422" time="0.092" /><testcase classname="tests.test_warehouse.TestRouteWarehouse" name="test_route_with_start_and_service_time" time="0.668" /><testcase classname="tests.test_warehouse.TestRouteWarehouse" name="test_route_with_distinct_end" time="0.639" /><testcase classname="tests.backend_test.TestGeocode" name="test_geocode_spain_address" time="0.273" /><testcase classname="tests.backend_test.TestGeocode" name="test_geocode_short_query_returns_empty" time="0.078" /><testcase classname="tests.backend_test.TestGeocode" name="test_geocode_missing_param_422" time="0.073" /><testcase classname="tests.backend_test.TestGeocode" name="test_geocode_limit_respected" time="0.180" /><testcase classname="tests.test_warehouse.TestRouteWarehouse" name="test_route_start_plus_one_stop" time="0.581" /><testcase classname="tests.backend_test.TestRoute" name="test_route_ordered" time="0.612" /><testcase classname="tests.test_warehouse.TestRouteWarehouse" name="test_route_no_points_400" time="0.098" /><testcase classname="tests.backend_test.TestImportExcel" name="test_import_sample_xlsx" time="0.613" /><testcase classname="tests.backend_test.TestRoute" name="test_route_min_two_stops" time="0.079" /><testcase classname="tests.backend_test.TestRoute" name="test_route_single_stop_round_trip_degenerate" time="0.923" /><testcase classname="tests.backend_test.TestImportExcel" name="test_import_invalid_file_400" time="0.093" /><testcase classname="tests.backend_test.TestImportExcel" name="test_import_no_file_422" time="0.089" /><testcase classname="tests.test_warehouse.TestSavedRouteWarehouse" name="test_save_with_warehouse_and_get" time="0.191" /><testcase classname="tests.test_warehouse.TestSavedRouteWarehouse" name="test_update_warehouse_fields" time="0.270" /><testcase classname="tests.test_legs.TestOptimizeLegs" name="test_optimize_with_start_returns_legs_and_service" time="1.009" /><testcase classname="tests.backend_test.TestHealth" name="test_root" time="0.088" /><testcase classname="tests.backend_test.TestExport" name="test_export_xlsx" time="0.490" /><testcase classname="tests.test_legs.TestSettings" name="test_put_then_get_settings" time="0.189" /><testcase classname="tests.test_legs.TestOptimizeLegs" name="test_optimize_no_service_time" time="0.981" /><testcase classname="tests.test_legs.TestRouteLegs" name="test_route_returns_legs" time="0.601" /></testsuite></testsuites>