<?xml version="1.0" encoding="utf-8"?><testsuites name="pytest tests"><testsuite name="pytest" errors="0" failures="0" skipped="0" tests="24" time="6.817" timestamp="2026-09-05T09:56:26.763709+00:00" hostname="agent-env-d66d0aa6-d8e7-4a1f-8815-510cdd225984"><testcase classname="tests.test_route_configs.TestAccess" name="test_list_requires_auth" time="0.157" /><testcase classname="tests.test_route_configs.TestAccess" name="test_driver_cannot_access" time="1.169" /><testcase classname="tests.test_route_configs.TestAccess" name="test_admin_bcrypt_hash_format" time="0.319" /><testcase classname="tests.test_route_configs.TestRouteConfigCRUD" name="test_list_shape_no_objectid" time="0.048" /><testcase classname="tests.test_route_configs.TestRouteConfigCRUD" name="test_create_get_update_delete" time="0.343" /><testcase classname="tests.test_route_configs.TestRouteConfigCRUD" name="test_get_unknown_404" time="0.045" /><testcase classname="tests.test_route_configs.TestRouteConfigCRUD" name="test_delete_unknown_404" time="0.048" /><testcase classname="tests.test_route_configs.TestRouteConfigCRUD" name="test_update_unknown_404" time="0.046" /><testcase classname="tests.test_route_configs.TestRouteConfigCRUD" name="test_create_unknown_driver_404" time="0.049" /><testcase classname="tests.test_route_configs.TestRouteConfigCRUD" name="test_create_without_driver_allowed" time="0.046" /><testcase classname="tests.test_route_configs.TestOneRoutePerDriver" name="test_duplicate_driver_create_409" time="0.217" /><testcase classname="tests.test_route_configs.TestOneRoutePerDriver" name="test_duplicate_driver_update_409" time="0.271" /><testcase classname="tests.test_route_configs.TestOneRoutePerDriver" name="test_update_same_driver_on_own_route_ok" time="0.192" /><testcase classname="tests.test_route_configs.TestOneRoutePerDriver" name="test_driver_freed_after_delete" time="0.233" /><testcase classname="tests.test_route_configs.TestStopsUpload" name="test_upload_stops_and_persist" time="0.472" /><testcase classname="tests.test_route_configs.TestStopsUpload" name="test_upload_unknown_route_404" time="0.054" /><testcase classname="tests.test_route_configs.TestStopsUpload" name="test_upload_bad_file_400" time="0.089" /><testcase classname="tests.test_route_configs.TestStopsUpload" name="test_update_fields_preserves_stops" time="0.593" /><testcase classname="tests.test_simulation" name="test_simulation_requires_auth" time="0.534" /><testcase classname="tests.test_simulation" name="test_simulation_forbidden_for_driver" time="0.893" /><testcase classname="tests.test_simulation" name="test_simulation_not_found" time="0.109" /><testcase classname="tests.test_simulation" name="test_save_simulation_persists_and_does_not_touch_stops" time="0.280" /><testcase classname="tests.test_simulation" name="test_list_route_configs_strips_stops_but_keeps_sim_summary" time="0.192" /><testcase classname="tests.test_simulation" name="test_simulation_overwrites_previous_sim" time="0.387" /></testsuite></testsuites>