<?xml version="1.0" encoding="utf-8"?><testsuites name="pytest tests"><testsuite name="pytest" errors="0" failures="0" skipped="0" tests="11" time="4.076" timestamp="2026-09-03T14:46:33.706894+00:00" hostname="agent-env-d66d0aa6-d8e7-4a1f-8815-510cdd225984"><testcase classname="tests.test_types_geocode.TestPerStopService" name="test_optimize_sums_service_min" time="1.354" /><testcase classname="tests.test_types_geocode.TestPerStopService" name="test_route_sums_service_min" time="0.599" /><testcase classname="tests.test_types_geocode.TestImportGeoTest" name="test_counts" time="1.571" /><testcase classname="tests.test_types_geocode.TestImportGeoTest" name="test_reasons_and_candidates" time="0.000" /><testcase classname="tests.test_types_geocode.TestImportGeoTest" name="test_stop_type_present" time="0.000" /><testcase classname="tests.test_types_geocode.TestImportGeoTest" name="test_no_mongo_id" time="0.000" /><testcase classname="tests.test_types_geocode.TestImportOldFormat" name="test_all_untyped_and_resolved" time="0.117" /><testcase classname="tests.test_types_geocode.TestSettingsByType" name="test_put_and_get_service_by_type" time="0.239" /><testcase classname="tests.test_types_geocode.TestExportColumns" name="test_export_has_tipo_and_min" time="0.198" /><testcase classname="tests.test_types_geocode.TestPerStopService" name="test_route_falls_back_to_uniform_when_no_service_min" time="0.493" /><testcase classname="tests.test_types_geocode.TestPerStopService" name="test_zero_service_min_stops" time="0.470" /></testsuite></testsuites>