<?xml version="1.0" encoding="utf-8"?><testsuites name="pytest tests"><testsuite name="pytest" errors="0" failures="0" skipped="0" tests="20" time="9.392" timestamp="2026-09-03T13:24:07.023260+00:00" hostname="agent-env-d66d0aa6-d8e7-4a1f-8815-510cdd225984"><testcase classname="tests.test_warehouse.TestSettings" name="test_get_settings_shape" time="0.323" /><testcase classname="tests.test_warehouse.TestOptimizeWarehouse" name="test_start_only_round_trip_order_excludes_warehouse" time="1.311" /><testcase classname="tests.test_warehouse.TestSettings" name="test_put_then_get_roundtrip" time="0.221" /><testcase classname="tests.test_warehouse.TestSettings" name="test_put_distinct_end_persists" time="0.182" /><testcase classname="tests.test_warehouse.TestSettings" name="test_put_upserts_single_doc" time="0.242" /><testcase classname="tests.test_warehouse.TestSettings" name="test_put_invalid_start_422" time="0.093" /><testcase classname="tests.test_warehouse.TestRouteWarehouse" name="test_route_with_start_and_service_time" time="0.486" /><testcase classname="tests.test_warehouse.TestOptimizeWarehouse" name="test_start_only_distance_metric" time="0.904" /><testcase classname="tests.test_warehouse.TestRouteWarehouse" name="test_route_with_distinct_end" time="0.532" /><testcase classname="tests.test_warehouse.TestRouteWarehouse" name="test_route_start_plus_one_stop" time="0.475" /><testcase classname="tests.test_warehouse.TestOptimizeWarehouse" name="test_zero_service_time_default" time="0.875" /><testcase classname="tests.test_warehouse.TestRouteWarehouse" name="test_route_no_points_400" time="0.075" /><testcase classname="tests.test_warehouse.TestSavedRouteWarehouse" name="test_save_with_warehouse_and_get" time="0.155" /><testcase classname="tests.test_warehouse.TestSavedRouteWarehouse" name="test_update_warehouse_fields" time="0.238" /><testcase classname="tests.test_warehouse.TestOptimizeWarehouse" name="test_start_and_distinct_end_open_path" time="1.199" /><testcase classname="tests.test_warehouse.TestOptimizeWarehouse" name="test_start_no_round_trip_open_path" time="0.875" /><testcase classname="tests.test_warehouse.TestOptimizeWarehouse" name="test_start_with_single_stop_ok" time="0.886" /><testcase classname="tests.test_warehouse.TestOptimizeWarehouse" name="test_fallback_without_start_backward_compatible" time="0.859" /><testcase classname="tests.test_warehouse.TestOptimizeWarehouse" name="test_fallback_single_stop_400" time="0.066" /><testcase classname="tests.test_warehouse.TestOptimizeWarehouse" name="test_round_trip_not_cheaper_than_open" time="1.756" /></testsuite></testsuites>